21-06-2024 10:34:46 root:INFO:CLIENT::Generated AES key: 122542233002350976169583229830592760598
21-06-2024 10:34:52 root:INFO:CLIENT::Input Message: start
21-06-2024 10:34:52 root:INFO:CLIENT::send wup1 b'MTU5MDAxNTE4MDA1NjkyMTI3MDgxMDc1NTMxMTQ3Njc0ODYzODM1Mjk5NDA1MDA1NjA0MTc3ODc1MzMzMjQ5MjkyMDA4NTAwNTEyODg3NzE0Mjk1MjU3ODEwMTE4MDIzMDI0MDc4NjUyNzc5ODQ4OTU2Njk4NzM3NjgwMzM5NDM0MTQxODc5OTU3ODQzNTQ0ODY0NDM4MTEwMDk2MjAwODUxNzk5NDQ2NDAxNDM4NzM2NTMyNzY0NDkxNjQyOTUwMTQ2MzY5NzU3ODU1OTUyMjEzMzE3MTQyMDM0MzM5NzUxNTA1OTE4OTk1MzA0MjI0MDI0ODUzODkzODEyMTM2NjgwNzcyMDU0NDIyMzY3NDY4NzMxODk2NDk0Mzc4MzIyMzU4ODQ0MDY2NTIxMzE0OTQxMjg5MTY0NjIyNzc1ODcwMjA3Nzg4Mzg5Mzc4MTkwODQyNTYxMDc5MDcxNDkwMjg1Mzc0NDUxMDAwNDQyNTEzNTIzNTI5OTIxOTg1NTU0MDcwOTYyOTc5NTM5NzQ3NzcxOTc0NDYzNDg0ODQ1MTUzOTMyMTEwNTM2MTgyNTk5MjgwODczMTExMjM2NjQ2Njk4MzI5Mzg5OTgzOTUwODg3ODUyNTIxODYzNDI4ODUyMzk0MDY2ODM4MTM4NTk5ODg3MTQ5NjMzMjEzMDU4MzM1NDE0MTg4MDg0OTc2MTA2Mzc4OTY2NDM1ODA4MzE4OTA3MzQxNDQ3MjY2MDc1NjM2MzU4NTQxMTEwNzEyODY2OTIzNjI4Mjg3NjMyOTg0OTk3OTc1NzE1MDk0ODAyMDMwMjk5MDU3MDg=\n'
21-06-2024 10:34:52 root:INFO:CLIENT::send wup2 b'26aof7zV6dVMkXZHLTuzfw==fuv/qj4gLdJLeVkX6+g6Qg==\n'
21-06-2024 10:34:52 root:INFO:CLIENT::receive message: rJZX8+z2AqBF+nOpvtvgWA==
21-06-2024 10:34:52 root:INFO:CLIENT::encrypted message: correct
21-06-2024 10:34:53 root:INFO:CLIENT::Input Message: 1
21-06-2024 10:34:53 root:INFO:CLIENT::send wup1 b'MTU5MDAxNTE4MDA1NjkyMTI3MDgxMDc1NTMxMTQ3Njc0ODYzODM1Mjk5NDA1MDA1NjA0MTc3ODc1MzMzMjQ5MjkyMDA4NTAwNTEyODg3NzE0Mjk1MjU3ODEwMTE4MDIzMDI0MDc4NjUyNzc5ODQ4OTU2Njk4NzM3NjgwMzM5NDM0MTQxODc5OTU3ODQzNTQ0ODY0NDM4MTEwMDk2MjAwODUxNzk5NDQ2NDAxNDM4NzM2NTMyNzY0NDkxNjQyOTUwMTQ2MzY5NzU3ODU1OTUyMjEzMzE3MTQyMDM0MzM5NzUxNTA1OTE4OTk1MzA0MjI0MDI0ODUzODkzODEyMTM2NjgwNzcyMDU0NDIyMzY3NDY4NzMxODk2NDk0Mzc4MzIyMzU4ODQ0MDY2NTIxMzE0OTQxMjg5MTY0NjIyNzc1ODcwMjA3Nzg4Mzg5Mzc4MTkwODQyNTYxMDc5MDcxNDkwMjg1Mzc0NDUxMDAwNDQyNTEzNTIzNTI5OTIxOTg1NTU0MDcwOTYyOTc5NTM5NzQ3NzcxOTc0NDYzNDg0ODQ1MTUzOTMyMTEwNTM2MTgyNTk5MjgwODczMTExMjM2NjQ2Njk4MzI5Mzg5OTgzOTUwODg3ODUyNTIxODYzNDI4ODUyMzk0MDY2ODM4MTM4NTk5ODg3MTQ5NjMzMjEzMDU4MzM1NDE0MTg4MDg0OTc2MTA2Mzc4OTY2NDM1ODA4MzE4OTA3MzQxNDQ3MjY2MDc1NjM2MzU4NTQxMTEwNzEyODY2OTIzNjI4Mjg3NjMyOTg0OTk3OTc1NzE1MDk0ODAyMDMwMjk5MDU3MDg=\n'
21-06-2024 10:34:53 root:INFO:CLIENT::send wup2 b'26aof7zV6dVMkXZHLTuzfw==TFHDsobJn5TU6w92TXpmqA==\n'
21-06-2024 10:34:53 root:INFO:CLIENT::receive message: rJZX8+z2AqBF+nOpvtvgWA==
21-06-2024 10:34:53 root:INFO:CLIENT::encrypted message: correct
21-06-2024 10:34:54 root:INFO:CLIENT::Input Message: 1
21-06-2024 10:34:54 root:INFO:CLIENT::send wup1 b'MTU5MDAxNTE4MDA1NjkyMTI3MDgxMDc1NTMxMTQ3Njc0ODYzODM1Mjk5NDA1MDA1NjA0MTc3ODc1MzMzMjQ5MjkyMDA4NTAwNTEyODg3NzE0Mjk1MjU3ODEwMTE4MDIzMDI0MDc4NjUyNzc5ODQ4OTU2Njk4NzM3NjgwMzM5NDM0MTQxODc5OTU3ODQzNTQ0ODY0NDM4MTEwMDk2MjAwODUxNzk5NDQ2NDAxNDM4NzM2NTMyNzY0NDkxNjQyOTUwMTQ2MzY5NzU3ODU1OTUyMjEzMzE3MTQyMDM0MzM5NzUxNTA1OTE4OTk1MzA0MjI0MDI0ODUzODkzODEyMTM2NjgwNzcyMDU0NDIyMzY3NDY4NzMxODk2NDk0Mzc4MzIyMzU4ODQ0MDY2NTIxMzE0OTQxMjg5MTY0NjIyNzc1ODcwMjA3Nzg4Mzg5Mzc4MTkwODQyNTYxMDc5MDcxNDkwMjg1Mzc0NDUxMDAwNDQyNTEzNTIzNTI5OTIxOTg1NTU0MDcwOTYyOTc5NTM5NzQ3NzcxOTc0NDYzNDg0ODQ1MTUzOTMyMTEwNTM2MTgyNTk5MjgwODczMTExMjM2NjQ2Njk4MzI5Mzg5OTgzOTUwODg3ODUyNTIxODYzNDI4ODUyMzk0MDY2ODM4MTM4NTk5ODg3MTQ5NjMzMjEzMDU4MzM1NDE0MTg4MDg0OTc2MTA2Mzc4OTY2NDM1ODA4MzE4OTA3MzQxNDQ3MjY2MDc1NjM2MzU4NTQxMTEwNzEyODY2OTIzNjI4Mjg3NjMyOTg0OTk3OTc1NzE1MDk0ODAyMDMwMjk5MDU3MDg=\n'
21-06-2024 10:34:54 root:INFO:CLIENT::send wup2 b'26aof7zV6dVMkXZHLTuzfw==TFHDsobJn5TU6w92TXpmqA==\n'
21-06-2024 10:34:54 root:INFO:CLIENT::receive message: rJZX8+z2AqBF+nOpvtvgWA==
21-06-2024 10:34:54 root:INFO:CLIENT::encrypted message: correct
21-06-2024 10:34:55 root:INFO:CLIENT::Input Message: 2
21-06-2024 10:34:55 root:INFO:CLIENT::send wup1 b'MTU5MDAxNTE4MDA1NjkyMTI3MDgxMDc1NTMxMTQ3Njc0ODYzODM1Mjk5NDA1MDA1NjA0MTc3ODc1MzMzMjQ5MjkyMDA4NTAwNTEyODg3NzE0Mjk1MjU3ODEwMTE4MDIzMDI0MDc4NjUyNzc5ODQ4OTU2Njk4NzM3NjgwMzM5NDM0MTQxODc5OTU3ODQzNTQ0ODY0NDM4MTEwMDk2MjAwODUxNzk5NDQ2NDAxNDM4NzM2NTMyNzY0NDkxNjQyOTUwMTQ2MzY5NzU3ODU1OTUyMjEzMzE3MTQyMDM0MzM5NzUxNTA1OTE4OTk1MzA0MjI0MDI0ODUzODkzODEyMTM2NjgwNzcyMDU0NDIyMzY3NDY4NzMxODk2NDk0Mzc4MzIyMzU4ODQ0MDY2NTIxMzE0OTQxMjg5MTY0NjIyNzc1ODcwMjA3Nzg4Mzg5Mzc4MTkwODQyNTYxMDc5MDcxNDkwMjg1Mzc0NDUxMDAwNDQyNTEzNTIzNTI5OTIxOTg1NTU0MDcwOTYyOTc5NTM5NzQ3NzcxOTc0NDYzNDg0ODQ1MTUzOTMyMTEwNTM2MTgyNTk5MjgwODczMTExMjM2NjQ2Njk4MzI5Mzg5OTgzOTUwODg3ODUyNTIxODYzNDI4ODUyMzk0MDY2ODM4MTM4NTk5ODg3MTQ5NjMzMjEzMDU4MzM1NDE0MTg4MDg0OTc2MTA2Mzc4OTY2NDM1ODA4MzE4OTA3MzQxNDQ3MjY2MDc1NjM2MzU4NTQxMTEwNzEyODY2OTIzNjI4Mjg3NjMyOTg0OTk3OTc1NzE1MDk0ODAyMDMwMjk5MDU3MDg=\n'
21-06-2024 10:34:55 root:INFO:CLIENT::send wup2 b'26aof7zV6dVMkXZHLTuzfw==36fhJ4lnmAIH8sU/mm2VtA==\n'
21-06-2024 10:34:55 root:INFO:CLIENT::receive message: rJZX8+z2AqBF+nOpvtvgWA==
21-06-2024 10:34:55 root:INFO:CLIENT::encrypted message: correct
21-06-2024 10:34:56 root:INFO:CLIENT::Input Message: 2131
21-06-2024 10:34:56 root:INFO:CLIENT::send wup1 b'MTU5MDAxNTE4MDA1NjkyMTI3MDgxMDc1NTMxMTQ3Njc0ODYzODM1Mjk5NDA1MDA1NjA0MTc3ODc1MzMzMjQ5MjkyMDA4NTAwNTEyODg3NzE0Mjk1MjU3ODEwMTE4MDIzMDI0MDc4NjUyNzc5ODQ4OTU2Njk4NzM3NjgwMzM5NDM0MTQxODc5OTU3ODQzNTQ0ODY0NDM4MTEwMDk2MjAwODUxNzk5NDQ2NDAxNDM4NzM2NTMyNzY0NDkxNjQyOTUwMTQ2MzY5NzU3ODU1OTUyMjEzMzE3MTQyMDM0MzM5NzUxNTA1OTE4OTk1MzA0MjI0MDI0ODUzODkzODEyMTM2NjgwNzcyMDU0NDIyMzY3NDY4NzMxODk2NDk0Mzc4MzIyMzU4ODQ0MDY2NTIxMzE0OTQxMjg5MTY0NjIyNzc1ODcwMjA3Nzg4Mzg5Mzc4MTkwODQyNTYxMDc5MDcxNDkwMjg1Mzc0NDUxMDAwNDQyNTEzNTIzNTI5OTIxOTg1NTU0MDcwOTYyOTc5NTM5NzQ3NzcxOTc0NDYzNDg0ODQ1MTUzOTMyMTEwNTM2MTgyNTk5MjgwODczMTExMjM2NjQ2Njk4MzI5Mzg5OTgzOTUwODg3ODUyNTIxODYzNDI4ODUyMzk0MDY2ODM4MTM4NTk5ODg3MTQ5NjMzMjEzMDU4MzM1NDE0MTg4MDg0OTc2MTA2Mzc4OTY2NDM1ODA4MzE4OTA3MzQxNDQ3MjY2MDc1NjM2MzU4NTQxMTEwNzEyODY2OTIzNjI4Mjg3NjMyOTg0OTk3OTc1NzE1MDk0ODAyMDMwMjk5MDU3MDg=\n'
21-06-2024 10:34:56 root:INFO:CLIENT::send wup2 b'26aof7zV6dVMkXZHLTuzfw==hPDBxC1bt4Un5il4p9Rg0Q==\n'
21-06-2024 10:34:56 root:INFO:CLIENT::receive message: rJZX8+z2AqBF+nOpvtvgWA==
21-06-2024 10:34:56 root:INFO:CLIENT::encrypted message: correct
21-06-2024 10:35:03 root:INFO:CLIENT::Input Message: close
21-06-2024 10:35:03 root:INFO:CLIENT::send wup1 b'MTU5MDAxNTE4MDA1NjkyMTI3MDgxMDc1NTMxMTQ3Njc0ODYzODM1Mjk5NDA1MDA1NjA0MTc3ODc1MzMzMjQ5MjkyMDA4NTAwNTEyODg3NzE0Mjk1MjU3ODEwMTE4MDIzMDI0MDc4NjUyNzc5ODQ4OTU2Njk4NzM3NjgwMzM5NDM0MTQxODc5OTU3ODQzNTQ0ODY0NDM4MTEwMDk2MjAwODUxNzk5NDQ2NDAxNDM4NzM2NTMyNzY0NDkxNjQyOTUwMTQ2MzY5NzU3ODU1OTUyMjEzMzE3MTQyMDM0MzM5NzUxNTA1OTE4OTk1MzA0MjI0MDI0ODUzODkzODEyMTM2NjgwNzcyMDU0NDIyMzY3NDY4NzMxODk2NDk0Mzc4MzIyMzU4ODQ0MDY2NTIxMzE0OTQxMjg5MTY0NjIyNzc1ODcwMjA3Nzg4Mzg5Mzc4MTkwODQyNTYxMDc5MDcxNDkwMjg1Mzc0NDUxMDAwNDQyNTEzNTIzNTI5OTIxOTg1NTU0MDcwOTYyOTc5NTM5NzQ3NzcxOTc0NDYzNDg0ODQ1MTUzOTMyMTEwNTM2MTgyNTk5MjgwODczMTExMjM2NjQ2Njk4MzI5Mzg5OTgzOTUwODg3ODUyNTIxODYzNDI4ODUyMzk0MDY2ODM4MTM4NTk5ODg3MTQ5NjMzMjEzMDU4MzM1NDE0MTg4MDg0OTc2MTA2Mzc4OTY2NDM1ODA4MzE4OTA3MzQxNDQ3MjY2MDc1NjM2MzU4NTQxMTEwNzEyODY2OTIzNjI4Mjg3NjMyOTg0OTk3OTc1NzE1MDk0ODAyMDMwMjk5MDU3MDg=\n'
21-06-2024 10:35:03 root:INFO:CLIENT::send wup2 b'26aof7zV6dVMkXZHLTuzfw==oo6VIoxAjgQL7MTAF6yZuA==\n'
21-06-2024 10:35:03 root:INFO:CLIENT::receive message: B6L5IY3maHMxApWaAVX9Sg==
21-06-2024 10:35:03 root:INFO:CLIENT::encrypted message: shutdown
